c:\users\mecıry\documents\gıthub\consolespgames\consolespgames\battleshıp\debug\vc140.pdb
c:\users\mecıry\documents\gıthub\consolespgames\consolespgames\battleshıp\debug\vc140.ıdb
c:\users\mecıry\documents\gıthub\consolespgames\consolespgames\battleshıp\debug\battlemap.obj
c:\users\mecıry\documents\gıthub\consolespgames\consolespgames\battleshıp\debug\gamebattleshıp.obj
c:\users\mecıry\documents\gıthub\consolespgames\consolespgames\battleshıp\debug\maın.obj
c:\users\mecıry\documents\gıthub\consolespgames\consolespgames\battleshıp\debug\shıp.obj
c:\users\meciry\documents\github\consolespgames\consolespgames\battleship\debug\battlemap.obj
c:\users\meciry\documents\github\consolespgames\consolespgames\battleship\debug\gamebattleship.obj
c:\users\meciry\documents\github\consolespgames\consolespgames\battleship\debug\main.obj
c:\users\meciry\documents\github\consolespgames\consolespgames\battleship\debug\ship.obj
c:\users\meciry\documents\github\consolespgames\consolespgames\battleship\debug\vc140.idb
c:\users\meciry\documents\github\consolespgames\consolespgames\battleship\debug\vc140.pdb
c:\users\meciry\documents\github\consolespgames\consolespgames\debug\battleship.pdb
c:\users\meciry\documents\github\consolespgames\consolespgames\battleship\debug\battleship.tlog\cl.command.1.tlog
c:\users\meciry\documents\github\consolespgames\consolespgames\battleship\debug\battleship.tlog\cl.read.1.tlog
c:\users\meciry\documents\github\consolespgames\consolespgames\battleship\debug\battleship.tlog\cl.write.1.tlog
c:\users\meciry\documents\github\consolespgames\consolespgames\battleship\debug\battleship.tlog\link-cvtres.read.1.tlog
c:\users\meciry\documents\github\consolespgames\consolespgames\battleship\debug\battleship.tlog\link-cvtres.write.1.tlog
c:\users\meciry\documents\github\consolespgames\consolespgames\battleship\debug\battleship.tlog\link-rc.read.1.tlog
c:\users\meciry\documents\github\consolespgames\consolespgames\battleship\debug\battleship.tlog\link-rc.write.1.tlog
c:\users\meciry\documents\github\consolespgames\consolespgames\battleship\debug\battleship.tlog\link.command.1.tlog
c:\users\meciry\documents\github\consolespgames\consolespgames\battleship\debug\battleship.tlog\link.read.1.tlog
c:\users\meciry\documents\github\consolespgames\consolespgames\battleship\debug\battleship.tlog\link.write.1.tlog
